#
# There is insufficient memory for the Java Runtime Environment to continue.
# Native memory allocation (mmap) failed to map 264241152 bytes for G1 virtual space
# Possible reasons:
#   The system is out of physical RAM or swap space
#   The process is running with CompressedOops enabled, and the Java Heap may be blocking the growth of the native heap
# Possible solutions:
#   Reduce memory load on the system
#   Increase physical memory or swap space
#   Check if swap backing store is full
#   Decrease Java heap size (-Xmx/-Xms)
#   Decrease number of Java threads
#   Decrease Java thread stack sizes (-Xss)
#   Set larger code cache with -XX:ReservedCodeCacheSize=
#   JVM is running with Zero Based Compressed Oops mode in which the Java heap is
#     placed in the first 32GB address space. The Java Heap base address is the
#     maximum limit for the native heap growth. Please use -XX:HeapBaseMinAddress
#     to set the Java Heap base and to place the Java Heap above 32GB virtual address.
# This output file may be truncated or incomplete.
#
#  Out of Memory Error (os_windows.cpp:3760), pid=25396, tid=16720
#
# JRE version:  (17.0.5+1) (build )
# Java VM: OpenJDK 64-Bit Server VM (17.0.5+1-b653.14, mixed mode, sharing, tiered, compressed oops, compressed class ptrs, g1 gc, windows-amd64)
# No core dump will be written. Minidumps are not enabled by default on client versions of Windows
#

---------------  S U M M A R Y ------------

Command Line: git4idea.http.GitAskPassApp Username for 'https://github.com': 

Host: 12th Gen Intel(R) Core(TM) i7-12700H, 20 cores, 15G,  Windows 11 , 64 bit Build 22621 (10.0.22621.3235)
Time: Thu Mar 14 10:37:36 2024 Hora oficial do Brasil elapsed time: 0.008125 seconds (0d 0h 0m 0s)

---------------  T H R E A D  ---------------

Current thread (0x00000287468dcfb0):  JavaThread "Unknown thread" [_thread_in_vm, id=16720, stack(0x000000df96b00000,0x000000df96c00000)]

Stack: [0x000000df96b00000,0x000000df96c00000]
Native frames: (J=compiled Java code, j=interpreted, Vv=VM code, C=native code)
V  [jvm.dll+0x6830ca]
V  [jvm.dll+0x83f4c4]
V  [jvm.dll+0x840c6e]
V  [jvm.dll+0x8412d3]
V  [jvm.dll+0x2490b5]
V  [jvm.dll+0x67ff99]
V  [jvm.dll+0x6744aa]
V  [jvm.dll+0x308f2b]
V  [jvm.dll+0x3103e6]
V  [jvm.dll+0x36013e]
V  [jvm.dll+0x36036f]
V  [jvm.dll+0x2df018]
V  [jvm.dll+0x2dff84]
V  [jvm.dll+0x810d91]
V  [jvm.dll+0x36df31]
V  [jvm.dll+0x7f028c]
V  [jvm.dll+0x3f0cbf]
V  [jvm.dll+0x3f2801]
C  [jli.dll+0x526b]
C  [ucrtbase.dll+0x29363]
C  [KERNEL32.DLL+0x1257d]
C  [ntdll.dll+0x5aa58]


---------------  P R O C E S S  ---------------

Threads class SMR info:
_java_thread_list=0x00007ffaf6b48f98, length=0, elements={
}

Java Threads: ( => current thread )

Other Threads:
  0x0000028748b5d5e0 GCTaskThread "GC Thread#0" [stack: 0x000000df96c00000,0x000000df96d00000] [id=27824]
  0x0000028748b6e030 ConcurrentGCThread "G1 Main Marker" [stack: 0x000000df96d00000,0x000000df96e00000] [id=29804]
  0x0000028748b6ea40 ConcurrentGCThread "G1 Conc#0" [stack: 0x000000df96e00000,0x000000df96f00000] [id=25696]

[error occurred during error reporting (printing all threads), id 0xc0000005, EXCEPTION_ACCESS_VIOLATION (0xc0000005) at pc=0x00007ffaf62ffbd7]

VM state: not at safepoint (not fully initialized)

VM Mutex/Monitor currently owned by a thread:  ([mutex/lock_event])
[0x0000028748af1650] Heap_lock - owner thread: 0x00000287468dcfb0

Heap address: 0x0000000704e00000, size: 4018 MB, Compressed Oops mode: Zero based, Oop shift amount: 3

CDS archive(s) mapped at: [0x0000000000000000-0x0000000000000000-0x0000000000000000), size 0, SharedBaseAddress: 0x0000000800000000, ArchiveRelocationMode: 0.
Narrow klass base: 0x0000000000000000, Narrow klass shift: 0, Narrow klass range: 0x0

GC Precious Log:
<Empty>

Heap:
 garbage-first heap   total 0K, used 0K [0x0000000704e00000, 0x0000000800000000)
  region size 2048K, 0 young (0K), 0 survivors (0K)

[error occurred during error reporting (printing heap information), id 0xc0000005, EXCEPTION_ACCESS_VIOLATION (0xc0000005) at pc=0x00007ffaf66ecd59]

GC Heap History (0 events):
No events

Dll operation events (1 events):
Event: 0.005 Loaded shared library C:\Program Files\JetBrains\PyCharm Community Edition 2022.3\jbr\bin\java.dll

Deoptimization events (0 events):
No events

Classes unloaded (0 events):
No events

Classes redefined (0 events):
No events

Internal exceptions (0 events):
No events

VM Operations (0 events):
No events

Events (0 events):
No events


Dynamic libraries:
0x00007ff6eafd0000 - 0x00007ff6eafda000 	C:\Program Files\JetBrains\PyCharm Community Edition 2022.3\jbr\bin\java.exe
0x00007ffbd2ed0000 - 0x00007ffbd30e6000 	C:\Windows\SYSTEM32\ntdll.dll
0x00007ffbd1920000 - 0x00007ffbd19e4000 	C:\Windows\System32\KERNEL32.DLL
0x00007ffbd03b0000 - 0x00007ffbd0756000 	C:\Windows\System32\KERNELBASE.dll
0x00007ffbd0290000 - 0x00007ffbd03a1000 	C:\Windows\System32\ucrtbase.dll
0x00007ffb903a0000 - 0x00007ffb903b7000 	C:\Program Files\JetBrains\PyCharm Community Edition 2022.3\jbr\bin\jli.dll
0x00007ffb8f160000 - 0x00007ffb8f17b000 	C:\Program Files\JetBrains\PyCharm Community Edition 2022.3\jbr\bin\VCRUNTIME140.dll
0x00007ffbd25c0000 - 0x00007ffbd276d000 	C:\Windows\System32\USER32.dll
0x00007ffbb4360000 - 0x00007ffbb45f3000 	C:\Windows\WinSxS\amd64_microsoft.windows.common-controls_6595b64144ccf1df_6.0.22621.3235_none_270f74e173860f98\COMCTL32.dll
0x00007ffbd0760000 - 0x00007ffbd0786000 	C:\Windows\System32\win32u.dll
0x00007ffbd1510000 - 0x00007ffbd15b7000 	C:\Windows\System32\msvcrt.dll
0x00007ffbd1710000 - 0x00007ffbd1739000 	C:\Windows\System32\GDI32.dll
0x00007ffbd0790000 - 0x00007ffbd08a8000 	C:\Windows\System32\gdi32full.dll
0x00007ffbd0ae0000 - 0x00007ffbd0b7a000 	C:\Windows\System32\msvcp_win.dll
0x00007ffbd2580000 - 0x00007ffbd25b1000 	C:\Windows\System32\IMM32.DLL
0x00007ffbc6f10000 - 0x00007ffbc6f1c000 	C:\Program Files\JetBrains\PyCharm Community Edition 2022.3\jbr\bin\vcruntime140_1.dll
0x00007ffb864f0000 - 0x00007ffb8657d000 	C:\Program Files\JetBrains\PyCharm Community Edition 2022.3\jbr\bin\msvcp140.dll
0x00007ffaf6010000 - 0x00007ffaf6c7b000 	C:\Program Files\JetBrains\PyCharm Community Edition 2022.3\jbr\bin\server\jvm.dll
0x00007ffbd0e00000 - 0x00007ffbd0eb2000 	C:\Windows\System32\ADVAPI32.dll
0x00007ffbd2930000 - 0x00007ffbd29d8000 	C:\Windows\System32\sechost.dll
0x00007ffbd0260000 - 0x00007ffbd0288000 	C:\Windows\System32\bcrypt.dll
0x00007ffbd15c0000 - 0x00007ffbd16d5000 	C:\Windows\System32\RPCRT4.dll
0x00007ffbc3b30000 - 0x00007ffbc3b39000 	C:\Windows\SYSTEM32\WSOCK32.dll
0x00007ffbc5430000 - 0x00007ffbc5464000 	C:\Windows\SYSTEM32\WINMM.dll
0x00007ffbd1490000 - 0x00007ffbd1501000 	C:\Windows\System32\WS2_32.dll
0x00007ffbc48c0000 - 0x00007ffbc48ca000 	C:\Windows\SYSTEM32\VERSION.dll
0x00007ffbcf2d0000 - 0x00007ffbcf2e8000 	C:\Windows\SYSTEM32\kernel.appcore.dll
0x00007ffbc5600000 - 0x00007ffbc560a000 	C:\Program Files\JetBrains\PyCharm Community Edition 2022.3\jbr\bin\jimage.dll
0x00007ffbcdaa0000 - 0x00007ffbcdcd3000 	C:\Windows\SYSTEM32\DBGHELP.DLL
0x00007ffbd10e0000 - 0x00007ffbd1468000 	C:\Windows\System32\combase.dll
0x00007ffbd0ca0000 - 0x00007ffbd0d77000 	C:\Windows\System32\OLEAUT32.dll
0x00007ffbc4260000 - 0x00007ffbc4292000 	C:\Windows\SYSTEM32\dbgcore.DLL
0x00007ffbd01e0000 - 0x00007ffbd025a000 	C:\Windows\System32\bcryptPrimitives.dll
0x00007ffb99ff0000 - 0x00007ffb9a015000 	C:\Program Files\JetBrains\PyCharm Community Edition 2022.3\jbr\bin\java.dll

dbghelp: loaded successfully - version: 4.0.5 - missing functions: none
symbol engine: initialized successfully - sym options: 0x614 - pdb path: .;C:\Program Files\JetBrains\PyCharm Community Edition 2022.3\jbr\bin;C:\Windows\SYSTEM32;C:\Windows\WinSxS\amd64_microsoft.windows.common-controls_6595b64144ccf1df_6.0.22621.3235_none_270f74e173860f98;C:\Program Files\JetBrains\PyCharm Community Edition 2022.3\jbr\bin\server

VM Arguments:
java_command: git4idea.http.GitAskPassApp Username for 'https://github.com': 
java_class_path (initial): C:/Program Files/JetBrains/PyCharm Community Edition 2022.3/plugins/vcs-git/lib/git4idea-rt.jar;C:/Program Files/JetBrains/PyCharm Community Edition 2022.3/lib/externalProcess-rt.jar;C:/Program Files/JetBrains/PyCharm Community Edition 2022.3/lib/app.jar;C:/Program Files/JetBrains/PyCharm Community Edition 2022.3/lib/3rd-party-rt.jar
Launcher Type: SUN_STANDARD

[Global flags]
     intx CICompilerCount                          = 12                                        {product} {ergonomic}
     uint ConcGCThreads                            = 4                                         {product} {ergonomic}
     uint G1ConcRefinementThreads                  = 15                                        {product} {ergonomic}
   size_t G1HeapRegionSize                         = 2097152                                   {product} {ergonomic}
    uintx GCDrainStackTargetSize                   = 64                                        {product} {ergonomic}
   size_t InitialHeapSize                          = 264241152                                 {product} {ergonomic}
   size_t MarkStackSize                            = 4194304                                   {product} {ergonomic}
   size_t MaxHeapSize                              = 4213178368                                {product} {ergonomic}
   size_t MinHeapDeltaBytes                        = 2097152                                   {product} {ergonomic}
   size_t MinHeapSize                              = 8388608                                   {product} {ergonomic}
    uintx NonNMethodCodeHeapSize                   = 7602480                                {pd product} {ergonomic}
    uintx NonProfiledCodeHeapSize                  = 122027880                              {pd product} {ergonomic}
    uintx ProfiledCodeHeapSize                     = 122027880                              {pd product} {ergonomic}
    uintx ReservedCodeCacheSize                    = 251658240                              {pd product} {ergonomic}
     bool SegmentedCodeCache                       = true                                      {product} {ergonomic}
   size_t SoftMaxHeapSize                          = 4213178368                             {manageable} {ergonomic}
     bool UseCompressedClassPointers               = true                           {product lp64_product} {ergonomic}
     bool UseCompressedOops                        = true                           {product lp64_product} {ergonomic}
     bool UseG1GC                                  = true                                      {product} {ergonomic}
     bool UseLargePagesIndividualAllocation        = false                                  {pd product} {ergonomic}

Logging:
Log output configuration:
 #0: stdout all=warning uptime,level,tags
 #1: stderr all=off uptime,level,tags

Environment Variables:
JAVA_HOME=C:\Program Files\Microsoft\jdk-11.0.16.101-hotspot\bin
PATH=C:/Program Files/Git/mingw64/libexec/git-core;C:/Program Files/Git/mingw64/libexec/git-core;C:\Program Files\Git\mingw64\bin;C:\Program Files\Git\usr\bin;C:\Users\luis.fernando\bin;C:\Program Files\Microsoft\jdk-11.0.16.101-hotspot\bin;C:\Program Files\Common Files\Oracle\Java\javapath;C:\Windows\system32;C:\Windows;C:\Windows\System32\Wbem;C:\Windows\System32\WindowsPowerShell\v1.0\;C:\Windows\System32\OpenSSH\;C:\Program Files\dotnet\;C:\Program Files (x86)\NVIDIA Corporation\PhysX\Common;C:\Program Files\NVIDIA Corporation\NVIDIA NvDLISR;C:\Users\Lgonçalves\AppData\Local\Packages\PythonSoftwareFoundation.Python.3.10_qbz5n2kfra8p0\LocalCache\local-packages\Python310\Scripts;C:\Users\Lgonçalves\flutter\bin;C:\ProgramData\chocolatey\bin;C:\Program Files\Docker\Docker\resources\bin;C:\Program Files\PuTTY\;C:\Program Files\Git\cmd;C:\Program Files\nodejs\;C:\Users\luis.fernando\AppData\Local\Microsoft\WindowsApps;C:\Users\luis.fernando\AppData\Local\Programs\Microsoft VS Code\bin;C:\Users\luis.fernando\AppData\Roaming\npm
USERNAME=luis.fernando
DISPLAY=:0.0
LC_ALL=en_US.UTF-8
TERM=xterm-256color
TMPDIR=C:\Users\LUIS~1.FER\AppData\Local\Temp
OS=Windows_NT
PROCESSOR_IDENTIFIER=Intel64 Family 6 Model 154 Stepping 3, GenuineIntel
TMP=C:\Users\LUIS~1.FER\AppData\Local\Temp
TEMP=C:\Users\LUIS~1.FER\AppData\Local\Temp



---------------  S Y S T E M  ---------------

OS:
 Windows 11 , 64 bit Build 22621 (10.0.22621.3235)
OS uptime: 1 days 8:52 hours
Hyper-V role detected

CPU: total 20 (initial active 20) (10 cores per cpu, 2 threads per core) family 6 model 154 stepping 3 microcode 0x432, cx8, cmov, fxsr, ht, mmx, 3dnowpref, sse, sse2, sse3, ssse3, sse4.1, sse4.2, popcnt, lzcnt, tsc, tscinvbit, avx, avx2, aes, erms, clmul, bmi1, bmi2, adx, sha, fma, vzeroupper, clflush, clflushopt, clwb, hv

Memory: 4k page, system-wide physical 16068M (1836M free)
TotalPageFile size 65220M (AvailPageFile size 232M)
current process WorkingSet (physical memory assigned to process): 11M, peak: 11M
current process commit charge ("private bytes"): 75M, peak: 326M

vm_info: OpenJDK 64-Bit Server VM (17.0.5+1-b653.14) for windows-amd64 JRE (17.0.5+1-b653.14), built on 2022-11-10 by "builduser" with MS VC++ 16.10 / 16.11 (VS2019)

END.
